Arguments: 
  D:\applications\node\node.exe D:\applications\node\node_modules\yarn\bin\yarn.js add uuid

PATH: 
  C:\Program Files (x86)\Razer Chroma SDK\bin;C:\Program Files\Razer Chroma SDK\bin;C:\Program Files (x86)\Razer\ChromaBroadcast\bin;C:\Program Files\Razer\ChromaBroadcast\bin;D:\applications\xshell\;C:\WINDOWS\system32;C:\WINDOWS;C:\WINDOWS\System32\Wbem;C:\WINDOWS\System32\WindowsPowerShell\v1.0\;C:\WINDOWS\System32\OpenSSH\;C:\Program Files\Git\cmd;C:\Program Files\NVIDIA Corporation\NVIDIA NvDLISR;C:\Program Files (x86)\NVIDIA Corporation\PhysX\Common;D:\applications\python2;C:\Program Files (x86)\Google\Chrome\Application;C:\WINDOWS\system32\config\systemprofile\AppData\Local\Microsoft\WindowsApps;D:\applications\node\;%JAVA_HOME%\bin;%JAVA_HOME%\jre\bin;D:\go\bin;C:\Program Files\Docker\Docker\resources\bin;C:\ProgramData\DockerDesktop\version-bin;C:\ProgramData\chocolatey\bin;D:\ruby\Ruby27-x64\bin;C:\Users\Pligh\.cargo\bin;C:\Users\Pligh\AppData\Local\Microsoft\WindowsApps;C:\Users\Pligh\AppData\Local\Programs\Microsoft VS Code\bin;C:\Users\Pligh\AppData\Roaming\npm;C:\Users\Pligh\go\bin;D:\flutter\bin;C:\Users\Pligh\AppData\Local\.meteor;

Yarn version: 
  1.22.10

Node version: 
  14.3.0

Platform: 
  win32 x64

Trace: 
  Error: ENOENT: no such file or directory, copyfile 'C:\Users\Pligh\AppData\Local\Yarn\Cache\v6\npm-yallist-4.0.0-9bb92790d9c0effec63be73519e11a35019a3a72-integrity\node_modules\yallist\iterator.js' -> 'E:\own\vue-redox\node_modules\@vuedx\compiler-sfc\node_modules\yallist\iterator.js'

npm manifest: 
  {
    "name": "init",
    "version": "0.0.0",
    "scripts": {
      "dev": "vite",
      "build": "vuedx-typecheck . && vite build",
      "serve": "vite preview"
    },
    "dependencies": {
      "reflect-metadata": "^0.1.13",
      "vue": "^3.0.5"
    },
    "devDependencies": {
      "@vitejs/plugin-vue": "^1.1.2",
      "@vue/compiler-sfc": "^3.0.5",
      "@vuedx/typecheck": "^0.6.0",
      "@vuedx/typescript-plugin-vue": "^0.6.0",
      "typescript": "^4.1.3",
      "vite": "^2.0.0-beta.50"
    }
  }

yarn manifest: 
  No manifest

Lockfile: 
  No lockfile
